PRT1
144
261
4 0 1 (8 48 96 ) (8 48 176 ) (8 96 176 ) (8 96 96 ) 
4 1 26 (0 96 128 ) (0 96 96 ) (0 48 96 ) (0 48 128 ) 
4 1 11 (0 96 176 ) (0 96 128 ) (0 48 128 ) (0 48 176 ) 
4 2 3 (8 -80 96 ) (8 -80 176 ) (8 -32 176 ) (8 -32 96 ) 
4 3 107 (0 -32 128 ) (0 -32 96 ) (0 -80 96 ) (0 -80 128 ) 
4 3 85 (0 -32 176 ) (0 -32 128 ) (0 -80 128 ) (0 -80 176 ) 
4 4 22 (-80 256 128 ) (-32 256 128 ) (-32 240 128 ) (-80 240 128 ) 
4 4 25 (-32 240 128 ) (-32 96 128 ) (-80 96 128 ) (-80 240 128 ) 
3 4 12 (-80 96 128 ) (-32 96 128 ) (-80 96 176 ) 
4 4 5 (-80 240 128 ) (-80 96 128 ) (-80 96 176 ) (-80 240 176 ) 
4 5 25 (-80 240 128 ) (-80 96 128 ) (-112 96 128 ) (-112 240 128 ) 
5 5 12 (-112 96 128 ) (-80 96 128 ) (-80 96 176 ) (-96 96 192 ) (-112 96 192 ) 
4 5 6 (-112 240 128 ) (-112 96 128 ) (-112 96 192 ) (-112 240 192 ) 
4 6 23 (-176 256 128 ) (-112 256 128 ) (-112 240 128 ) (-176 240 128 ) 
4 6 25 (-112 240 128 ) (-112 96 128 ) (-176 96 128 ) (-176 240 128 ) 
4 6 12 (-176 96 128 ) (-112 96 128 ) (-112 96 192 ) (-176 96 192 ) 
4 6 7 (-176 240 128 ) (-176 96 128 ) (-176 96 192 ) (-176 240 192 ) 
4 7 25 (-176 240 128 ) (-176 96 128 ) (-208 96 128 ) (-208 240 128 ) 
4 7 12 (-208 96 128 ) (-176 96 128 ) (-176 96 192 ) (-208 96 192 ) 
4 7 8 (-208 240 128 ) (-208 96 128 ) (-208 96 192 ) (-208 240 192 ) 
4 8 24 (-240 256 128 ) (-208 256 128 ) (-208 240 128 ) (-240 240 128 ) 
4 8 25 (-208 240 128 ) (-208 96 128 ) (-240 96 128 ) (-240 240 128 ) 
4 8 12 (-240 96 128 ) (-208 96 128 ) (-208 96 192 ) (-240 96 192 ) 
4 8 9 (-240 256 192 ) (-240 256 128 ) (-240 208 128 ) (-240 208 192 ) 
4 8 10 (-240 176 128 ) (-240 96 128 ) (-240 96 192 ) (-240 176 192 ) 
4 9 27 (-256 208 128 ) (-256 256 128 ) (-240 256 128 ) (-240 208 128 ) 
4 10 28 (-256 96 128 ) (-256 176 128 ) (-240 176 128 ) (-240 96 128 ) 
4 10 15 (-256 116 132 ) (-256 116 172 ) (-256 156 172 ) (-256 156 132 ) 
4 10 13 (-256 96 192 ) (-256 96 128 ) (-240 96 128 ) (-240 96 192 ) 
4 11 26 (-16 96 128 ) (0 96 128 ) (0 48 128 ) (-16 48 128 ) 
4 11 12 (-16 96 176 ) (-16 96 128 ) (-16 48 128 ) (-16 48 176 ) 
4 12 26 (-32 96 128 ) (-16 96 128 ) (-16 48 128 ) (-32 48 128 ) 
4 12 25 (-240 96 128 ) (-32 96 128 ) (-32 48 128 ) (-240 48 128 ) 
4 12 14 (-240 48 128 ) (-32 48 128 ) (-96 48 192 ) (-240 48 192 ) 
4 12 13 (-240 96 192 ) (-240 96 128 ) (-240 80 128 ) (-240 80 192 ) 
4 13 28 (-256 80 128 ) (-256 96 128 ) (-240 96 128 ) (-240 80 128 ) 
4 14 84 (-96 0 192 ) (-256 0 192 ) (-256 0 128 ) (-32 0 128 ) 
4 14 29 (-240 0 128 ) (-256 0 128 ) (-256 48 128 ) (-240 48 128 ) 
4 14 25 (-32 0 128 ) (-240 0 128 ) (-240 48 128 ) (-32 48 128 ) 
4 15 16 (-320 116 132 ) (-320 116 172 ) (-320 156 172 ) (-320 156 132 ) 
4 16 97 (-360 0 132 ) (-320 0 132 ) (-320 0 172 ) (-360 0 172 ) 
4 16 17 (-320 24 132 ) (-320 0 132 ) (-360 0 132 ) (-360 24 132 ) 
4 17 98 (-360 0 128 ) (-320 0 128 ) (-320 0 132 ) (-360 0 132 ) 
4 17 31 (-320 0 128 ) (-360 0 128 ) (-360 24 128 ) (-320 24 128 ) 
4 18 19 (-832 116 136 ) (-784 116 136 ) (-784 116 184 ) (-832 116 184 ) 
4 19 20 (-832 112 136 ) (-784 112 136 ) (-784 112 184 ) (-832 112 184 ) 
4 20 100 (-832 0 184 ) (-832 0 136 ) (-784 0 136 ) (-784 0 184 ) 
4 20 21 (-828 48 136 ) (-788 48 136 ) (-788 0 136 ) (-828 0 136 ) 
4 21 102 (-828 0 128 ) (-788 0 128 ) (-788 0 136 ) (-828 0 136 ) 
4 21 44 (-788 0 128 ) (-828 0 128 ) (-828 48 128 ) (-788 48 128 ) 
5 22 25 (0 240 95.997070 ) (-32.003906 240 128 ) (-80 240 128 ) (-80 240 0 ) (0 240 0 ) 
4 23 25 (-112 240 128 ) (-176 240 128 ) (-176 240 0 ) (-112 240 0 ) 
4 24 27 (-240 256 128 ) (-240 256 0 ) (-240 240 0 ) (-240 240 128 ) 
4 24 25 (-208 240 128 ) (-240 240 128 ) (-240 240 0 ) (-208 240 0 ) 
5 25 103 (0 0 0 ) (0 0 96 ) (-32 0 128 ) (-240 0 128 ) (-240 0 0 ) 
4 25 29 (-240 48 0 ) (-240 0 0 ) (-240 0 128 ) (-240 48 128 ) 
4 25 27 (-240 240 0 ) (-240 208 0 ) (-240 208 128 ) (-240 240 128 ) 
4 25 28 (-240 176 0 ) (-240 80 0 ) (-240 80 128 ) (-240 176 128 ) 
4 25 26 (0 48 96.003891 ) (0 96 96.003891 ) (-31.996101 96 128 ) (-31.996105 48 128 ) 
4 29 108 (-240 0 128 ) (-256 0 128 ) (-256 0 0 ) (-240 0 0 ) 
4 29 30 (-256 24 0 ) (-256 0 0 ) (-256 0 104 ) (-256 24 104 ) 
4 30 111 (-272 0 104 ) (-272 0 0 ) (-256 0 0 ) (-256 0 104 ) 
4 30 31 (-272 24 0 ) (-272 0 0 ) (-272 0 104 ) (-272 24 104 ) 
4 31 119 (-560 0 128 ) (-640 0 128 ) (-640 0 0 ) (-560 0 0 ) 
4 31 117 (-512 0 128 ) (-560 0 128 ) (-560 0 0 ) (-512 0 0 ) 
4 31 112 (-272 0 128 ) (-512 0 128 ) (-512 0 0 ) (-272 0 0 ) 
4 31 32 (-640 48 0 ) (-640 0 0 ) (-640 0 128 ) (-640 48 128 ) 
4 32 119 (-640 0 128 ) (-736 0 128 ) (-736 0 0 ) (-640 0 0 ) 
4 32 34 (-736 504 0 ) (-736 256 0 ) (-736 256 128 ) (-736 504 128 ) 
4 32 33 (-736 736 128 ) (-736 736 0 ) (-736 640 0 ) (-736 640 128 ) 
4 33 35 (-752 736 0 ) (-752 640 0 ) (-752 640 128 ) (-752 736 128 ) 
4 34 37 (-752 504 0 ) (-752 256 0 ) (-752 256 128 ) (-752 504 128 ) 
4 35 36 (-976 736 128 ) (-976 736 0 ) (-976 640 0 ) (-976 640 128 ) 
4 36 55 (-1024 624 128 ) (-1024 736 128 ) (-1024 736 0 ) (-1024 624 0 ) 
4 36 41 (-1024 624 0 ) (-976 624 0 ) (-976 624 128 ) (-1024 624 128 ) 
4 37 40 (-880 224 0 ) (-752 224 0 ) (-752 224 128 ) (-880 224 128 ) 
4 37 38 (-880 624 128 ) (-880 624 0 ) (-880 544 0 ) (-880 544 128 ) 
4 38 39 (-896 624 128 ) (-896 624 0 ) (-896 544 0 ) (-896 544 128 ) 
4 39 40 (-960 224 128 ) (-960 224 0 ) (-896 224 0 ) (-896 224 128 ) 
4 41 61 (-1024 112 128 ) (-1024 192 128 ) (-1024 192 0 ) (-1024 112 0 ) 
4 41 55 (-1024 192 128 ) (-1024 624 128 ) (-1024 624 0 ) (-1024 192 0 ) 
4 41 49 (-1024 112 0 ) (-976 112 0 ) (-976 112 128 ) (-1024 112 128 ) 
4 42 121 (-768 0 128 ) (-784 0 128 ) (-784 0 82 ) (-768 0 82 ) 
4 42 47 (-784 112 82 ) (-768 112 82 ) (-768 0 82 ) (-784 0 82 ) 
4 42 43 (-784 112 128 ) (-784 112 82 ) (-784 84 82 ) (-784 84 128 ) 
4 43 47 (-828 112 82 ) (-784 112 82 ) (-784 84 82 ) (-828 84 82 ) 
4 43 45 (-828 112 128 ) (-828 112 82 ) (-828 84 82 ) (-828 84 128 ) 
4 44 122 (-788 0 128 ) (-828 0 128 ) (-828 0 86 ) (-788 0 86 ) 
4 44 46 (-828 48 126 ) (-828 48 86 ) (-828 8 86 ) (-828 8 126 ) 
4 45 48 (-832 112 128 ) (-832 112 82 ) (-832 84 82 ) (-832 84 128 ) 
4 45 47 (-832 84 82 ) (-832 112 82 ) (-828 112 82 ) (-828 84 82 ) 
4 46 50 (-832 8 86 ) (-832 8 126 ) (-832 24 126 ) (-832 24 86 ) 
4 46 48 (-832 24 126 ) (-832 48 126 ) (-832 48 86 ) (-832 24 86 ) 
4 47 124 (-832 0 82 ) (-832 0 0 ) (-784 0 0 ) (-784 0 82 ) 
4 47 121 (-784 0 0 ) (-768 0 0 ) (-768 0 82 ) (-784 0 82 ) 
4 47 50 (-832 24 0 ) (-832 0 0 ) (-832 0 82 ) (-832 24 82 ) 
4 47 48 (-832 112 82 ) (-832 112 0 ) (-832 24 0 ) (-832 24 82 ) 
4 48 50 (-960 24 0 ) (-832 24 0 ) (-832 24 128 ) (-960 24 128 ) 
4 49 61 (-1024 24 128 ) (-1024 112 128 ) (-1024 112 0 ) (-1024 24 0 ) 
4 49 52 (-1024 24 0 ) (-976 24 0 ) (-976 24 128 ) (-1024 24 128 ) 
4 50 123 (-832 0 128 ) (-960 0 128 ) (-960 0 82 ) (-832 0 82 ) 
4 50 124 (-960 0 82 ) (-960 0 0 ) (-832 0 0 ) (-832 0 82 ) 
4 50 51 (-960 24 108 ) (-960 24 0 ) (-960 0 0 ) (-960 0 108 ) 
4 51 127 (-976 0 108 ) (-976 0 0 ) (-960 0 0 ) (-960 0 108 ) 
4 51 52 (-976 24 108 ) (-976 24 0 ) (-976 0 0 ) (-976 0 108 ) 
4 52 128 (-976 0 128 ) (-1024 0 128 ) (-1024 0 0 ) (-976 0 0 ) 
4 52 61 (-1024 0 0 ) (-1024 0 128 ) (-1024 24 128 ) (-1024 24 0 ) 
4 53 132 (-1232 0 184 ) (-1280 0 184 ) (-1280 0 136 ) (-1232 0 136 ) 
4 53 54 (-1236 100 136 ) (-1236 60 136 ) (-1276 60 136 ) (-1276 100 136 ) 
4 54 64 (-1276 60 128 ) (-1276 100 128 ) (-1236 100 128 ) (-1236 60 128 ) 
4 55 61 (-1072 192 0 ) (-1024 192 0 ) (-1024 192 128 ) (-1072 192 128 ) 
4 55 57 (-1072 320 0 ) (-1072 272 0 ) (-1072 272 108 ) (-1072 320 108 ) 
4 55 56 (-1072 496 0 ) (-1072 448 0 ) (-1072 448 108 ) (-1072 496 108 ) 
4 56 58 (-1088 496 0 ) (-1088 448 0 ) (-1088 448 108 ) (-1088 496 108 ) 
4 57 60 (-1088 320 0 ) (-1088 272 0 ) (-1088 272 108 ) (-1088 320 108 ) 
4 58 59 (-1216 400 0 ) (-1152 400 0 ) (-1152 400 128 ) (-1216 400 128 ) 
4 59 60 (-1216 384 0 ) (-1152 384 0 ) (-1152 384 128 ) (-1216 384 128 ) 
4 61 134 (-1072 0 128 ) (-1088 0 128 ) (-1088 0 0 ) (-1072 0 0 ) 
4 61 133 (-1024 0 0 ) (-1024 0 128 ) (-1072 0 128 ) (-1072 0 0 ) 
4 61 135 (-1088 0 128 ) (-1152 0 128 ) (-1152 0 0 ) (-1088 0 0 ) 
4 61 70 (-1152 64 0 ) (-1152 16 0 ) (-1152 16 108 ) (-1152 64 108 ) 
4 61 68 (-1152 72 48 ) (-1152 72 112 ) (-1152 112 112 ) (-1152 112 48 ) 
4 61 67 (-1152 192 48 ) (-1152 192 0 ) (-1152 128 0 ) (-1152 128 48 ) 
4 61 65 (-1152 192 112 ) (-1152 192 48 ) (-1152 128 48 ) (-1152 128 112 ) 
4 61 62 (-1152 192 128 ) (-1152 192 112 ) (-1152 128 112 ) (-1152 128 128 ) 
4 62 65 (-1168 192 112 ) (-1152 192 112 ) (-1152 128 112 ) (-1168 146.285675 112 ) 
4 62 63 (-1168 192 128 ) (-1168 192 112 ) (-1168 146.285675 112 ) (-1168 146.285675 128 ) 
3 63 72 (-1208 192 112 ) (-1168 192 112 ) (-1168 146.285675 112 ) 
4 64 136 (-1168 0 128 ) (-1408 0 128 ) (-1408 0 112 ) (-1168 0 112 ) 
4 64 81 (-1408 192 112 ) (-1348 192 112 ) (-1348 0 112 ) (-1408 0 112 ) 
4 64 79 (-1348 192 112 ) (-1344 192 112 ) (-1344 184 112 ) (-1348 184 112 ) 
4 64 80 (-1344 184 112 ) (-1344 0 112 ) (-1348 0 112 ) (-1348 184 112 ) 
4 64 76 (-1344 192 112 ) (-1312 192 112 ) (-1312 184 112 ) (-1344 184 112 ) 
4 64 78 (-1312 184 112 ) (-1312 0 112 ) (-1344 0 112 ) (-1344 184 112 ) 
4 64 74 (-1312 192 112 ) (-1308 192 112 ) (-1308 184 112 ) (-1312 184 112 ) 
4 64 75 (-1308 184 112 ) (-1308 0 112 ) (-1312 0 112 ) (-1312 184 112 ) 
5 64 71 (-1308 192 112 ) (-1224 192 112 ) (-1168 128 112 ) (-1168 0 112 ) (-1308 0 112 ) 
4 65 72 (-1168 137.142883 112 ) (-1168 192 112 ) (-1168 192 48 ) (-1168 137.142883 48 ) 
4 65 67 (-1152 128 48 ) (-1168 146.285675 48 ) (-1168 192 48 ) (-1152 192 48 ) 
4 65 66 (-1168 137.140625 112 ) (-1168 137.140625 48 ) (-1160 128 48 ) (-1160 128 112 ) 
4 66 73 (-1168 128 112 ) (-1168 137.142883 112 ) (-1168 137.142883 48 ) (-1168 128 48 ) 
4 67 82 (-1168 192 48 ) (-1168 192 0 ) (-1168 146.285675 0 ) (-1168 146.285675 48 ) 
4 68 69 (-1160 112 112 ) (-1160 112 48 ) (-1160 72 48 ) (-1160 72 112 ) 
4 69 71 (-1168 72 112 ) (-1168 112 112 ) (-1168 112 48 ) (-1168 72 48 ) 
4 70 83 (-1168 64 48 ) (-1168 64 0 ) (-1168 16 0 ) (-1168 16 48 ) 
4 70 71 (-1168 64 108 ) (-1168 64 48 ) (-1168 16 48 ) (-1168 16 108 ) 
4 71 136 (-1308 0 48 ) (-1168 0 48 ) (-1168 0 112 ) (-1308 0 112 ) 
5 71 83 (-1308 192 48 ) (-1224 192 48 ) (-1168 128 48 ) (-1168 0 48 ) (-1308 0 48 ) 
4 71 74 (-1308 184 76 ) (-1308 184 112 ) (-1308 192 112 ) (-1308 192 76 ) 
4 71 75 (-1308 184 48 ) (-1308 0 48 ) (-1308 0 112 ) (-1308 184 112 ) 
4 71 73 (-1168 127.996094 112 ) (-1168 127.996094 48 ) (-1224.003418 192 48 ) (-1224.003418 192 112 ) 
3 72 82 (-1208 192 48 ) (-1168 192 48 ) (-1168 146.285675 48 ) 
4 72 73 (-1216.001953 192 48 ) (-1168 137.140625 48 ) (-1168 137.140625 112 ) (-1216.001953 192 112 ) 
4 74 76 (-1312 184 76 ) (-1312 184 112 ) (-1312 192 112 ) (-1312 192 76 ) 
4 74 75 (-1312 184 112 ) (-1312 184 76 ) (-1308 184 76 ) (-1308 184 112 ) 
4 75 136 (-1312 0 48 ) (-1308 0 48 ) (-1308 0 112 ) (-1312 0 112 ) 
4 75 83 (-1308 184 48 ) (-1308 0 48 ) (-1312 0 48 ) (-1312 184 48 ) 
4 75 78 (-1312 184 48 ) (-1312 0 48 ) (-1312 0 112 ) (-1312 184 112 ) 
4 76 79 (-1344 184 76 ) (-1344 184 112 ) (-1344 192 112 ) (-1344 192 76 ) 
4 76 78 (-1344 184 112 ) (-1344 184 76 ) (-1312 184 76 ) (-1312 184 112 ) 
4 77 78 (-1344 184 72 ) (-1344 184 52 ) (-1312 184 52 ) (-1312 184 72 ) 
4 78 136 (-1344 0 48 ) (-1312 0 48 ) (-1312 0 112 ) (-1344 0 112 ) 
4 78 83 (-1312 184 48 ) (-1312 0 48 ) (-1344 0 48 ) (-1344 184 48 ) 
4 78 80 (-1344 184 48 ) (-1344 0 48 ) (-1344 0 112 ) (-1344 184 112 ) 
4 79 81 (-1348 184 76 ) (-1348 184 112 ) (-1348 192 112 ) (-1348 192 76 ) 
4 79 80 (-1348 184 112 ) (-1348 184 76 ) (-1344 184 76 ) (-1344 184 112 ) 
4 80 136 (-1348 0 48 ) (-1344 0 48 ) (-1344 0 112 ) (-1348 0 112 ) 
4 80 83 (-1344 184 48 ) (-1344 0 48 ) (-1348 0 48 ) (-1348 184 48 ) 
4 80 81 (-1348 184 48 ) (-1348 0 48 ) (-1348 0 112 ) (-1348 184 112 ) 
4 81 136 (-1408 0 48 ) (-1348 0 48 ) (-1348 0 112 ) (-1408 0 112 ) 
4 81 83 (-1408 192 48 ) (-1348 192 48 ) (-1348 0 48 ) (-1408 0 48 ) 
4 83 136 (-1408 0 0 ) (-1168 0 0 ) (-1168 0 48 ) (-1408 0 48 ) 
4 84 108 (-256 -32 128 ) (-256 0 128 ) (-240 0 128 ) (-240 -32 128 ) 
4 84 103 (-240 0 128 ) (-32 0 128 ) (-32 -32 128 ) (-240 -32 128 ) 
4 84 87 (-256 -32 192 ) (-256 -32 128 ) (-240 -32 128 ) (-240 -32 192 ) 
4 84 86 (-240 -32 128 ) (-32 -32 128 ) (-96 -32 192 ) (-240 -32 192 ) 
4 85 107 (-16 -32 128 ) (0 -32 128 ) (0 -80 128 ) (-16 -80 128 ) 
4 85 86 (-16 -32 176 ) (-16 -32 128 ) (-16 -80 128 ) (-16 -80 176 ) 
4 86 107 (-32 -32 128 ) (-16 -32 128 ) (-16 -80 128 ) (-32 -80 128 ) 
4 86 103 (-240 -32 128 ) (-32 -32 128 ) (-32 -80 128 ) (-240 -80 128 ) 
4 86 88 (-240 -80 128 ) (-32 -80 128 ) (-96 -80 192 ) (-240 -80 192 ) 
4 86 87 (-240 -32 192 ) (-240 -32 128 ) (-240 -48 128 ) (-240 -48 192 ) 
4 87 108 (-256 -48 128 ) (-256 -32 128 ) (-240 -32 128 ) (-240 -48 128 ) 
4 88 103 (-240 -80 128 ) (-32 -80 128 ) (-32 -240 128 ) (-240 -240 128 ) 
4 88 95 (-176 -240 128 ) (-112 -240 128 ) (-112 -240 192 ) (-176 -240 192 ) 
4 88 96 (-240 -240 128 ) (-208 -240 128 ) (-208 -240 192 ) (-240 -240 192 ) 
3 88 94 (-80 -240 128 ) (-32 -240 128 ) (-80 -240 176 ) 
4 88 92 (-240 -152 128 ) (-240 -176 128 ) (-240 -176 192 ) (-240 -152 192 ) 
4 88 93 (-240 -208 128 ) (-240 -240 128 ) (-240 -240 192 ) (-240 -208 192 ) 
4 88 89 (-240 -80 192 ) (-240 -80 128 ) (-240 -152 128 ) (-240 -152 192 ) 
4 89 109 (-244 -80 128 ) (-240 -80 128 ) (-240 -152 128 ) (-244 -152 128 ) 
4 89 92 (-244 -152 128 ) (-240 -152 128 ) (-240 -152 192 ) (-244 -152 192 ) 
4 89 91 (-244 -96 128 ) (-244 -152 128 ) (-244 -152 184 ) (-244 -96 184 ) 
4 89 90 (-244 -80 192 ) (-244 -80 128 ) (-244 -96 128 ) (-244 -96 192 ) 
4 90 109 (-256 -96 128 ) (-256 -80 128 ) (-244 -80 128 ) (-244 -96 128 ) 
4 90 91 (-256 -96 184 ) (-256 -96 128 ) (-244 -96 128 ) (-244 -96 184 ) 
4 91 109 (-256 -152 128 ) (-256 -96 128 ) (-244 -96 128 ) (-244 -152 128 ) 
4 91 92 (-256 -152 184 ) (-256 -152 128 ) (-244 -152 128 ) (-244 -152 184 ) 
4 92 109 (-256 -176 128 ) (-256 -152 128 ) (-240 -152 128 ) (-240 -176 128 ) 
4 93 110 (-256 -240 128 ) (-256 -208 128 ) (-240 -208 128 ) (-240 -240 128 ) 
4 93 96 (-256 -240 192 ) (-256 -240 128 ) (-240 -240 128 ) (-240 -240 192 ) 
4 94 104 (-80 -240 128 ) (-32 -240 128 ) (-32 -256 128 ) (-80 -256 128 ) 
4 95 105 (-176 -240 128 ) (-112 -240 128 ) (-112 -256 128 ) (-176 -256 128 ) 
4 96 110 (-256 -256 128 ) (-256 -240 128 ) (-240 -240 128 ) (-240 -256 128 ) 
4 96 106 (-240 -240 128 ) (-208 -240 128 ) (-208 -256 128 ) (-240 -256 128 ) 
4 97 99 (-360 -192 132 ) (-360 -152 132 ) (-320 -152 132 ) (-320 -192 132 ) 
4 97 98 (-360 -16 132 ) (-360 0 132 ) (-320 0 132 ) (-320 -16 132 ) 
4 98 112 (-360 -16 128 ) (-360 0 128 ) (-320 0 128 ) (-320 -16 128 ) 
4 99 114 (-360 -192 128 ) (-360 -152 128 ) (-320 -152 128 ) (-320 -192 128 ) 
4 100 102 (-828 0 136 ) (-788 0 136 ) (-788 -32 136 ) (-828 -32 136 ) 
4 100 101 (-832 -32 136 ) (-832 -80 136 ) (-832 -80 184 ) (-832 -32 184 ) 
4 101 131 (-1024 -32 136 ) (-1024 -80 136 ) (-1024 -80 184 ) (-1024 -32 184 ) 
4 102 122 (-828 0 128 ) (-788 0 128 ) (-788 -32 128 ) (-828 -32 128 ) 
4 103 110 (-240 -208 0 ) (-240 -240 0 ) (-240 -240 128 ) (-240 -208 128 ) 
4 103 108 (-240 0 0 ) (-240 -48 0 ) (-240 -48 128 ) (-240 0 128 ) 
4 103 109 (-240 -80 0 ) (-240 -176 0 ) (-240 -176 128 ) (-240 -80 128 ) 
4 103 107 (-31.998146 -32 128 ) (-31.998148 -80 128 ) (0 -80 96.001839 ) (0 -32 96.001839 ) 
4 103 106 (-208 -240 128 ) (-240 -240 128 ) (-240 -240 0 ) (-208 -240 0 ) 
5 103 104 (0 -240 95.997070 ) (-32.003906 -240 128 ) (-80 -240 128 ) (-80 -240 0 ) (0 -240 0 ) 
4 103 105 (-112 -240 128 ) (-176 -240 128 ) (-176 -240 0 ) (-112 -240 0 ) 
4 106 110 (-240 -240 0 ) (-240 -256 0 ) (-240 -256 128 ) (-240 -240 128 ) 
4 108 111 (-256 0 0 ) (-256 -24 0 ) (-256 -24 104 ) (-256 0 104 ) 
4 111 112 (-272 0 0 ) (-272 -24 0 ) (-272 -24 104 ) (-272 0 104 ) 
4 112 117 (-512 0 0 ) (-512 -48 0 ) (-512 -48 128 ) (-512 0 128 ) 
4 112 113 (-384 -48 0 ) (-336 -48 0 ) (-336 -48 108 ) (-384 -48 108 ) 
4 113 114 (-384 -64 0 ) (-336 -64 0 ) (-336 -64 108 ) (-384 -64 108 ) 
4 114 115 (-448 -128 0 ) (-448 -192 0 ) (-448 -192 104 ) (-448 -128 104 ) 
4 115 116 (-464 -128 0 ) (-464 -192 0 ) (-464 -192 104 ) (-464 -128 104 ) 
4 116 130 (-512 -128 0 ) (-512 -256 0 ) (-512 -256 128 ) (-512 -128 128 ) 
4 116 120 (-512 -64 0 ) (-512 -128 0 ) (-512 -128 128 ) (-512 -64 128 ) 
4 117 119 (-560 0 0 ) (-560 -48 0 ) (-560 -48 128 ) (-560 0 128 ) 
4 117 118 (-560 -48 108 ) (-560 -48 0 ) (-512 -48 0 ) (-512 -48 108 ) 
4 118 120 (-560 -64 0 ) (-512 -64 0 ) (-512 -64 108 ) (-560 -64 108 ) 
4 120 130 (-640 -128 0 ) (-512 -128 0 ) (-512 -128 128 ) (-640 -128 128 ) 
4 121 125 (-784 -32 0 ) (-784 -128 0 ) (-784 -128 82 ) (-784 -32 82 ) 
4 121 124 (-784 0 0 ) (-784 -32 0 ) (-784 -32 82 ) (-784 0 82 ) 
4 123 127 (-960 0 108 ) (-960 0 82 ) (-960 -24 82 ) (-960 -24 108 ) 
4 123 126 (-960 -32 128 ) (-960 -32 82 ) (-832 -32 82 ) (-832 -32 128 ) 
4 123 124 (-832 -32 82 ) (-960 -32 82 ) (-960 0 82 ) (-832 0 82 ) 
4 124 127 (-960 0 0 ) (-960 -24 0 ) (-960 -24 82 ) (-960 0 82 ) 
4 124 125 (-832 -32 0 ) (-784 -32 0 ) (-784 -32 82 ) (-832 -32 82 ) 
4 124 126 (-960 -32 82 ) (-960 -32 0 ) (-832 -32 0 ) (-832 -32 82 ) 
4 125 126 (-832 -32 82 ) (-832 -32 0 ) (-832 -128 0 ) (-832 -128 82 ) 
4 127 128 (-976 0 0 ) (-976 -24 0 ) (-976 -24 108 ) (-976 0 108 ) 
4 128 133 (-1024 0 128 ) (-1024 0 0 ) (-1024 -24 0 ) (-1024 -24 128 ) 
4 128 129 (-1024 -24 0 ) (-976 -24 0 ) (-976 -24 128 ) (-1024 -24 128 ) 
4 129 139 (-1024 -64 0 ) (-1024 -128 0 ) (-1024 -128 128 ) (-1024 -64 128 ) 
4 129 133 (-1024 -24 0 ) (-1024 -64 0 ) (-1024 -64 128 ) (-1024 -24 128 ) 
4 131 132 (-1232 -32 136 ) (-1232 -80 136 ) (-1232 -80 184 ) (-1232 -32 184 ) 
4 133 139 (-1072 -64 0 ) (-1024 -64 0 ) (-1024 -64 128 ) (-1072 -64 128 ) 
4 133 134 (-1072 0 0 ) (-1072 -56 0 ) (-1072 -56 128 ) (-1072 0 128 ) 
4 134 135 (-1088 0 0 ) (-1088 -56 0 ) (-1088 -56 128 ) (-1088 0 128 ) 
4 135 137 (-1208.001953 -64 48 ) (-1208.001953 -64 112 ) (-1152.001709 0 112 ) (-1152 0 48 ) 
4 136 142 (-1368 -64 0 ) (-1320 -64 0 ) (-1320 -64 108 ) (-1368 -64 108 ) 
4 136 138 (-1223.988281 -64 112 ) (-1223.988281 -64 48 ) (-1167.988281 0 48 ) (-1167.988281 0 112 ) 
4 137 138 (-1160 0 48 ) (-1216 -64 48 ) (-1216 -64 112 ) (-1160 0 112 ) 
4 140 141 (-1320 -320 108 ) (-1320 -320 128 ) (-1320 -80 128 ) (-1320 -80 108 ) 
4 140 142 (-1320 -80 0 ) (-1320 -320 0 ) (-1320 -320 108 ) (-1320 -80 108 ) 
4 141 143 (-1368 -80 108 ) (-1368 -320 108 ) (-1368 -320 128 ) (-1368 -80 128 ) 
4 141 142 (-1368 -320 108 ) (-1368 -80 108 ) (-1320 -80 108 ) (-1320 -320 108 ) 
4 142 143 (-1368 -80 0 ) (-1368 -320 0 ) (-1368 -320 108 ) (-1368 -80 108 ) 
